d:\users\lou\desktop\boids lou kai\boids lou kai\debug\grass.dds
d:\users\lou\desktop\boids lou kai\boids lou kai\debug\white.dds
d:\users\lou\desktop\boids lou kai\boids lou kai\debug\logo_small.dds
d:\programdata\nvidia corporation\drs\nvapptimestamps
d:\users\lou\desktop\boids lou kai\boids lou kai\debug\jemina vase -up.cmo
d:\users\lou\desktop\boids lou kai\boids lou kai\debug\_program files (x86)_microsoft visual studio 14.0_common7_ide_extensions_microsoft_vsgraphics_assets_effects_phong.dgsl.cso
d:\users\lou\desktop\boids lou kai\boids lou kai\debug\_users_lou_desktop_boids lou kai_boids lou kai_assets_vase_jemina vase__df.jpg.dds
d:\users\lou\desktop\boids lou kai\boids lou kai\debug\birdmodelv1.cmo
d:\users\lou\desktop\boids lou kai\boids lou kai\debug\_program files (x86)_microsoft visual studio 14.0_common7_ide_extensions_microsoft_vsgraphics_assets_effects_lambert.dgsl.cso
d:\users\lou\desktop\boids lou kai\boids lou kai\debug\_users_lou_desktop_boids lou kai_boids lou kai_assets_bird_birdtext6.jpg.dds
d:\users\lou\desktop\boids lou kai\boids lou kai\debug\_users_lou_desktop_boids lou kai_boids lou kai_assets_bird_birdtext7.jpg.dds
d:\users\lou\desktop\boids lou kai\boids lou kai\debug\_users_lou_desktop_boids lou kai_boids lou kai_assets_bird_birdtext9.jpg.dds
d:\users\lou\desktop\boids lou kai\boids lou kai\debug\_users_lou_desktop_boids lou kai_boids lou kai_assets_bird_birdtext10.jpg.dds
d:\users\lou\desktop\boids lou kai\boids lou kai\assets\table\table.fbm\jalka.png
d:\users\lou\desktop\boids lou kai\boids lou kai\assets\table\table.fbm\poytalevy.png
d:\users\lou\desktop\boids lou kai\boids lou kai\debug\table.cmo
d:\users\lou\desktop\boids lou kai\boids lou kai\debug\_users_lou_desktop_boids lou kai_boids lou kai_assets_table_table.fbm_jalka.png.dds
d:\users\lou\desktop\boids lou kai\boids lou kai\debug\_users_lou_desktop_boids lou kai_boids lou kai_assets_table_table.fbm_poytalevy.png.dds
d:\users\lou\desktop\boids lou kai\boids lou kai\assets\debug\assets.tlog\imagecontenttask-vsgraphics.10068.read.1.tlog
d:\users\lou\desktop\boids lou kai\boids lou kai\assets\debug\assets.tlog\imagecontenttask-vsgraphics.10068.read.3.tlog
d:\users\lou\desktop\boids lou kai\boids lou kai\assets\debug\assets.tlog\imagecontenttask-vsgraphics.10068.read.5.tlog
d:\users\lou\desktop\boids lou kai\boids lou kai\assets\debug\assets.tlog\imagecontenttask-vsgraphics.10068.write.1.tlog
d:\users\lou\desktop\boids lou kai\boids lou kai\assets\debug\assets.tlog\imagecontenttask-vsgraphics.10068.write.3.tlog
d:\users\lou\desktop\boids lou kai\boids lou kai\assets\debug\assets.tlog\imagecontenttask-vsgraphics.10168.read.1.tlog
d:\users\lou\desktop\boids lou kai\boids lou kai\assets\debug\assets.tlog\imagecontenttask-vsgraphics.10168.write.1.tlog
d:\users\lou\desktop\boids lou kai\boids lou kai\assets\debug\assets.tlog\imagecontenttask-vsgraphics.10260.read.1.tlog
d:\users\lou\desktop\boids lou kai\boids lou kai\assets\debug\assets.tlog\imagecontenttask-vsgraphics.10260.read.3.tlog
d:\users\lou\desktop\boids lou kai\boids lou kai\assets\debug\assets.tlog\imagecontenttask-vsgraphics.10260.read.5.tlog
d:\users\lou\desktop\boids lou kai\boids lou kai\assets\debug\assets.tlog\imagecontenttask-vsgraphics.10260.write.1.tlog
d:\users\lou\desktop\boids lou kai\boids lou kai\assets\debug\assets.tlog\imagecontenttask-vsgraphics.10260.write.3.tlog
d:\users\lou\desktop\boids lou kai\boids lou kai\assets\debug\assets.tlog\imagecontenttask-vsgraphics.10444.read.1.tlog
d:\users\lou\desktop\boids lou kai\boids lou kai\assets\debug\assets.tlog\imagecontenttask-vsgraphics.10444.read.3.tlog
d:\users\lou\desktop\boids lou kai\boids lou kai\assets\debug\assets.tlog\imagecontenttask-vsgraphics.10444.read.5.tlog
d:\users\lou\desktop\boids lou kai\boids lou kai\assets\debug\assets.tlog\imagecontenttask-vsgraphics.10444.write.1.tlog
d:\users\lou\desktop\boids lou kai\boids lou kai\assets\debug\assets.tlog\imagecontenttask-vsgraphics.10444.write.3.tlog
d:\users\lou\desktop\boids lou kai\boids lou kai\assets\debug\assets.tlog\imagecontenttask-vsgraphics.11648.read.1.tlog
d:\users\lou\desktop\boids lou kai\boids lou kai\assets\debug\assets.tlog\imagecontenttask-vsgraphics.11648.write.1.tlog
d:\users\lou\desktop\boids lou kai\boids lou kai\assets\debug\assets.tlog\imagecontenttask-vsgraphics.11916.read.1.tlog
d:\users\lou\desktop\boids lou kai\boids lou kai\assets\debug\assets.tlog\imagecontenttask-vsgraphics.11916.read.3.tlog
d:\users\lou\desktop\boids lou kai\boids lou kai\assets\debug\assets.tlog\imagecontenttask-vsgraphics.11916.read.5.tlog
d:\users\lou\desktop\boids lou kai\boids lou kai\assets\debug\assets.tlog\imagecontenttask-vsgraphics.11916.write.1.tlog
d:\users\lou\desktop\boids lou kai\boids lou kai\assets\debug\assets.tlog\imagecontenttask-vsgraphics.11916.write.3.tlog
d:\users\lou\desktop\boids lou kai\boids lou kai\assets\debug\assets.tlog\imagecontenttask-vsgraphics.12420.read.1.tlog
d:\users\lou\desktop\boids lou kai\boids lou kai\assets\debug\assets.tlog\imagecontenttask-vsgraphics.12420.read.3.tlog
d:\users\lou\desktop\boids lou kai\boids lou kai\assets\debug\assets.tlog\imagecontenttask-vsgraphics.12420.read.5.tlog
d:\users\lou\desktop\boids lou kai\boids lou kai\assets\debug\assets.tlog\imagecontenttask-vsgraphics.12420.write.1.tlog
d:\users\lou\desktop\boids lou kai\boids lou kai\assets\debug\assets.tlog\imagecontenttask-vsgraphics.12420.write.3.tlog
d:\users\lou\desktop\boids lou kai\boids lou kai\assets\debug\assets.tlog\imagecontenttask-vsgraphics.13140.read.1.tlog
d:\users\lou\desktop\boids lou kai\boids lou kai\assets\debug\assets.tlog\imagecontenttask-vsgraphics.13140.read.3.tlog
d:\users\lou\desktop\boids lou kai\boids lou kai\assets\debug\assets.tlog\imagecontenttask-vsgraphics.13140.read.5.tlog
d:\users\lou\desktop\boids lou kai\boids lou kai\assets\debug\assets.tlog\imagecontenttask-vsgraphics.13140.write.1.tlog
d:\users\lou\desktop\boids lou kai\boids lou kai\assets\debug\assets.tlog\imagecontenttask-vsgraphics.13140.write.3.tlog
d:\users\lou\desktop\boids lou kai\boids lou kai\assets\debug\assets.tlog\imagecontenttask-vsgraphics.1456.read.1.tlog
d:\users\lou\desktop\boids lou kai\boids lou kai\assets\debug\assets.tlog\imagecontenttask-vsgraphics.1456.read.3.tlog
d:\users\lou\desktop\boids lou kai\boids lou kai\assets\debug\assets.tlog\imagecontenttask-vsgraphics.1456.read.5.tlog
d:\users\lou\desktop\boids lou kai\boids lou kai\assets\debug\assets.tlog\imagecontenttask-vsgraphics.1456.write.1.tlog
d:\users\lou\desktop\boids lou kai\boids lou kai\assets\debug\assets.tlog\imagecontenttask-vsgraphics.1456.write.3.tlog
d:\users\lou\desktop\boids lou kai\boids lou kai\assets\debug\assets.tlog\imagecontenttask-vsgraphics.15532.read.1.tlog
d:\users\lou\desktop\boids lou kai\boids lou kai\assets\debug\assets.tlog\imagecontenttask-vsgraphics.15532.write.1.tlog
d:\users\lou\desktop\boids lou kai\boids lou kai\assets\debug\assets.tlog\imagecontenttask-vsgraphics.15660.read.1.tlog
d:\users\lou\desktop\boids lou kai\boids lou kai\assets\debug\assets.tlog\imagecontenttask-vsgraphics.15660.read.3.tlog
d:\users\lou\desktop\boids lou kai\boids lou kai\assets\debug\assets.tlog\imagecontenttask-vsgraphics.15660.read.5.tlog
d:\users\lou\desktop\boids lou kai\boids lou kai\assets\debug\assets.tlog\imagecontenttask-vsgraphics.15660.write.1.tlog
d:\users\lou\desktop\boids lou kai\boids lou kai\assets\debug\assets.tlog\imagecontenttask-vsgraphics.15660.write.3.tlog
d:\users\lou\desktop\boids lou kai\boids lou kai\assets\debug\assets.tlog\imagecontenttask-vsgraphics.15716.read.1.tlog
d:\users\lou\desktop\boids lou kai\boids lou kai\assets\debug\assets.tlog\imagecontenttask-vsgraphics.15716.write.1.tlog
d:\users\lou\desktop\boids lou kai\boids lou kai\assets\debug\assets.tlog\imagecontenttask-vsgraphics.15724.read.1.tlog
d:\users\lou\desktop\boids lou kai\boids lou kai\assets\debug\assets.tlog\imagecontenttask-vsgraphics.15724.read.3.tlog
d:\users\lou\desktop\boids lou kai\boids lou kai\assets\debug\assets.tlog\imagecontenttask-vsgraphics.15724.read.5.tlog
d:\users\lou\desktop\boids lou kai\boids lou kai\assets\debug\assets.tlog\imagecontenttask-vsgraphics.15724.write.1.tlog
d:\users\lou\desktop\boids lou kai\boids lou kai\assets\debug\assets.tlog\imagecontenttask-vsgraphics.15724.write.3.tlog
d:\users\lou\desktop\boids lou kai\boids lou kai\assets\debug\assets.tlog\imagecontenttask-vsgraphics.16112.read.1.tlog
d:\users\lou\desktop\boids lou kai\boids lou kai\assets\debug\assets.tlog\imagecontenttask-vsgraphics.16112.read.3.tlog
d:\users\lou\desktop\boids lou kai\boids lou kai\assets\debug\assets.tlog\imagecontenttask-vsgraphics.16112.read.5.tlog
d:\users\lou\desktop\boids lou kai\boids lou kai\assets\debug\assets.tlog\imagecontenttask-vsgraphics.16112.write.1.tlog
d:\users\lou\desktop\boids lou kai\boids lou kai\assets\debug\assets.tlog\imagecontenttask-vsgraphics.16112.write.3.tlog
d:\users\lou\desktop\boids lou kai\boids lou kai\assets\debug\assets.tlog\imagecontenttask-vsgraphics.16468.read.1.tlog
d:\users\lou\desktop\boids lou kai\boids lou kai\assets\debug\assets.tlog\imagecontenttask-vsgraphics.16468.read.3.tlog
d:\users\lou\desktop\boids lou kai\boids lou kai\assets\debug\assets.tlog\imagecontenttask-vsgraphics.16468.read.5.tlog
d:\users\lou\desktop\boids lou kai\boids lou kai\assets\debug\assets.tlog\imagecontenttask-vsgraphics.16468.write.1.tlog
d:\users\lou\desktop\boids lou kai\boids lou kai\assets\debug\assets.tlog\imagecontenttask-vsgraphics.16468.write.3.tlog
d:\users\lou\desktop\boids lou kai\boids lou kai\assets\debug\assets.tlog\imagecontenttask-vsgraphics.16488.read.1.tlog
d:\users\lou\desktop\boids lou kai\boids lou kai\assets\debug\assets.tlog\imagecontenttask-vsgraphics.16488.read.3.tlog
d:\users\lou\desktop\boids lou kai\boids lou kai\assets\debug\assets.tlog\imagecontenttask-vsgraphics.16488.read.5.tlog
d:\users\lou\desktop\boids lou kai\boids lou kai\assets\debug\assets.tlog\imagecontenttask-vsgraphics.16488.write.1.tlog
d:\users\lou\desktop\boids lou kai\boids lou kai\assets\debug\assets.tlog\imagecontenttask-vsgraphics.16488.write.3.tlog
d:\users\lou\desktop\boids lou kai\boids lou kai\assets\debug\assets.tlog\imagecontenttask-vsgraphics.16588.read.1.tlog
d:\users\lou\desktop\boids lou kai\boids lou kai\assets\debug\assets.tlog\imagecontenttask-vsgraphics.16588.read.3.tlog
d:\users\lou\desktop\boids lou kai\boids lou kai\assets\debug\assets.tlog\imagecontenttask-vsgraphics.16588.read.5.tlog
d:\users\lou\desktop\boids lou kai\boids lou kai\assets\debug\assets.tlog\imagecontenttask-vsgraphics.16588.write.1.tlog
d:\users\lou\desktop\boids lou kai\boids lou kai\assets\debug\assets.tlog\imagecontenttask-vsgraphics.16588.write.3.tlog
d:\users\lou\desktop\boids lou kai\boids lou kai\assets\debug\assets.tlog\imagecontenttask-vsgraphics.17256.read.1.tlog
d:\users\lou\desktop\boids lou kai\boids lou kai\assets\debug\assets.tlog\imagecontenttask-vsgraphics.17256.write.1.tlog
d:\users\lou\desktop\boids lou kai\boids lou kai\assets\debug\assets.tlog\imagecontenttask-vsgraphics.17380.read.1.tlog
d:\users\lou\desktop\boids lou kai\boids lou kai\assets\debug\assets.tlog\imagecontenttask-vsgraphics.17380.read.3.tlog
d:\users\lou\desktop\boids lou kai\boids lou kai\assets\debug\assets.tlog\imagecontenttask-vsgraphics.17380.read.5.tlog
d:\users\lou\desktop\boids lou kai\boids lou kai\assets\debug\assets.tlog\imagecontenttask-vsgraphics.17380.write.1.tlog
d:\users\lou\desktop\boids lou kai\boids lou kai\assets\debug\assets.tlog\imagecontenttask-vsgraphics.17380.write.3.tlog
d:\users\lou\desktop\boids lou kai\boids lou kai\assets\debug\assets.tlog\imagecontenttask-vsgraphics.18264.read.1.tlog
d:\users\lou\desktop\boids lou kai\boids lou kai\assets\debug\assets.tlog\imagecontenttask-vsgraphics.18264.read.3.tlog
d:\users\lou\desktop\boids lou kai\boids lou kai\assets\debug\assets.tlog\imagecontenttask-vsgraphics.18264.read.5.tlog
d:\users\lou\desktop\boids lou kai\boids lou kai\assets\debug\assets.tlog\imagecontenttask-vsgraphics.18264.write.1.tlog
d:\users\lou\desktop\boids lou kai\boids lou kai\assets\debug\assets.tlog\imagecontenttask-vsgraphics.18264.write.3.tlog
d:\users\lou\desktop\boids lou kai\boids lou kai\assets\debug\assets.tlog\imagecontenttask-vsgraphics.1908.read.1.tlog
d:\users\lou\desktop\boids lou kai\boids lou kai\assets\debug\assets.tlog\imagecontenttask-vsgraphics.1908.write.1.tlog
d:\users\lou\desktop\boids lou kai\boids lou kai\assets\debug\assets.tlog\imagecontenttask-vsgraphics.19820.read.1.tlog
d:\users\lou\desktop\boids lou kai\boids lou kai\assets\debug\assets.tlog\imagecontenttask-vsgraphics.19820.read.3.tlog
d:\users\lou\desktop\boids lou kai\boids lou kai\assets\debug\assets.tlog\imagecontenttask-vsgraphics.19820.read.5.tlog
d:\users\lou\desktop\boids lou kai\boids lou kai\assets\debug\assets.tlog\imagecontenttask-vsgraphics.19820.write.1.tlog
d:\users\lou\desktop\boids lou kai\boids lou kai\assets\debug\assets.tlog\imagecontenttask-vsgraphics.19820.write.3.tlog
d:\users\lou\desktop\boids lou kai\boids lou kai\assets\debug\assets.tlog\imagecontenttask-vsgraphics.2092.read.1.tlog
d:\users\lou\desktop\boids lou kai\boids lou kai\assets\debug\assets.tlog\imagecontenttask-vsgraphics.2092.read.3.tlog
d:\users\lou\desktop\boids lou kai\boids lou kai\assets\debug\assets.tlog\imagecontenttask-vsgraphics.2092.read.5.tlog
d:\users\lou\desktop\boids lou kai\boids lou kai\assets\debug\assets.tlog\imagecontenttask-vsgraphics.2092.write.1.tlog
d:\users\lou\desktop\boids lou kai\boids lou kai\assets\debug\assets.tlog\imagecontenttask-vsgraphics.2092.write.3.tlog
d:\users\lou\desktop\boids lou kai\boids lou kai\assets\debug\assets.tlog\imagecontenttask-vsgraphics.21000.read.1.tlog
d:\users\lou\desktop\boids lou kai\boids lou kai\assets\debug\assets.tlog\imagecontenttask-vsgraphics.21000.read.3.tlog
d:\users\lou\desktop\boids lou kai\boids lou kai\assets\debug\assets.tlog\imagecontenttask-vsgraphics.21000.read.5.tlog
d:\users\lou\desktop\boids lou kai\boids lou kai\assets\debug\assets.tlog\imagecontenttask-vsgraphics.21000.write.1.tlog
d:\users\lou\desktop\boids lou kai\boids lou kai\assets\debug\assets.tlog\imagecontenttask-vsgraphics.21000.write.3.tlog
d:\users\lou\desktop\boids lou kai\boids lou kai\assets\debug\assets.tlog\imagecontenttask-vsgraphics.3132.read.1.tlog
d:\users\lou\desktop\boids lou kai\boids lou kai\assets\debug\assets.tlog\imagecontenttask-vsgraphics.3132.read.3.tlog
d:\users\lou\desktop\boids lou kai\boids lou kai\assets\debug\assets.tlog\imagecontenttask-vsgraphics.3132.read.5.tlog
d:\users\lou\desktop\boids lou kai\boids lou kai\assets\debug\assets.tlog\imagecontenttask-vsgraphics.3132.write.1.tlog
d:\users\lou\desktop\boids lou kai\boids lou kai\assets\debug\assets.tlog\imagecontenttask-vsgraphics.3132.write.3.tlog
d:\users\lou\desktop\boids lou kai\boids lou kai\assets\debug\assets.tlog\imagecontenttask-vsgraphics.3188.read.1.tlog
d:\users\lou\desktop\boids lou kai\boids lou kai\assets\debug\assets.tlog\imagecontenttask-vsgraphics.3188.read.3.tlog
d:\users\lou\desktop\boids lou kai\boids lou kai\assets\debug\assets.tlog\imagecontenttask-vsgraphics.3188.read.5.tlog
d:\users\lou\desktop\boids lou kai\boids lou kai\assets\debug\assets.tlog\imagecontenttask-vsgraphics.3188.write.1.tlog
d:\users\lou\desktop\boids lou kai\boids lou kai\assets\debug\assets.tlog\imagecontenttask-vsgraphics.3188.write.3.tlog
d:\users\lou\desktop\boids lou kai\boids lou kai\assets\debug\assets.tlog\imagecontenttask-vsgraphics.3500.read.1.tlog
d:\users\lou\desktop\boids lou kai\boids lou kai\assets\debug\assets.tlog\imagecontenttask-vsgraphics.3500.read.3.tlog
d:\users\lou\desktop\boids lou kai\boids lou kai\assets\debug\assets.tlog\imagecontenttask-vsgraphics.3500.read.5.tlog
d:\users\lou\desktop\boids lou kai\boids lou kai\assets\debug\assets.tlog\imagecontenttask-vsgraphics.3500.write.1.tlog
d:\users\lou\desktop\boids lou kai\boids lou kai\assets\debug\assets.tlog\imagecontenttask-vsgraphics.3500.write.3.tlog
d:\users\lou\desktop\boids lou kai\boids lou kai\assets\debug\assets.tlog\imagecontenttask-vsgraphics.388.read.1.tlog
d:\users\lou\desktop\boids lou kai\boids lou kai\assets\debug\assets.tlog\imagecontenttask-vsgraphics.388.read.3.tlog
d:\users\lou\desktop\boids lou kai\boids lou kai\assets\debug\assets.tlog\imagecontenttask-vsgraphics.388.read.5.tlog
d:\users\lou\desktop\boids lou kai\boids lou kai\assets\debug\assets.tlog\imagecontenttask-vsgraphics.388.write.1.tlog
d:\users\lou\desktop\boids lou kai\boids lou kai\assets\debug\assets.tlog\imagecontenttask-vsgraphics.388.write.3.tlog
d:\users\lou\desktop\boids lou kai\boids lou kai\assets\debug\assets.tlog\imagecontenttask-vsgraphics.5600.read.1.tlog
d:\users\lou\desktop\boids lou kai\boids lou kai\assets\debug\assets.tlog\imagecontenttask-vsgraphics.5600.read.3.tlog
d:\users\lou\desktop\boids lou kai\boids lou kai\assets\debug\assets.tlog\imagecontenttask-vsgraphics.5600.read.5.tlog
d:\users\lou\desktop\boids lou kai\boids lou kai\assets\debug\assets.tlog\imagecontenttask-vsgraphics.5600.write.1.tlog
d:\users\lou\desktop\boids lou kai\boids lou kai\assets\debug\assets.tlog\imagecontenttask-vsgraphics.5600.write.3.tlog
d:\users\lou\desktop\boids lou kai\boids lou kai\assets\debug\assets.tlog\imagecontenttask-vsgraphics.5764.read.1.tlog
d:\users\lou\desktop\boids lou kai\boids lou kai\assets\debug\assets.tlog\imagecontenttask-vsgraphics.5764.read.3.tlog
d:\users\lou\desktop\boids lou kai\boids lou kai\assets\debug\assets.tlog\imagecontenttask-vsgraphics.5764.read.5.tlog
d:\users\lou\desktop\boids lou kai\boids lou kai\assets\debug\assets.tlog\imagecontenttask-vsgraphics.5764.write.1.tlog
d:\users\lou\desktop\boids lou kai\boids lou kai\assets\debug\assets.tlog\imagecontenttask-vsgraphics.5764.write.3.tlog
d:\users\lou\desktop\boids lou kai\boids lou kai\assets\debug\assets.tlog\imagecontenttask-vsgraphics.624.read.1.tlog
d:\users\lou\desktop\boids lou kai\boids lou kai\assets\debug\assets.tlog\imagecontenttask-vsgraphics.624.read.3.tlog
d:\users\lou\desktop\boids lou kai\boids lou kai\assets\debug\assets.tlog\imagecontenttask-vsgraphics.624.read.5.tlog
d:\users\lou\desktop\boids lou kai\boids lou kai\assets\debug\assets.tlog\imagecontenttask-vsgraphics.624.write.1.tlog
d:\users\lou\desktop\boids lou kai\boids lou kai\assets\debug\assets.tlog\imagecontenttask-vsgraphics.624.write.3.tlog
d:\users\lou\desktop\boids lou kai\boids lou kai\assets\debug\assets.tlog\imagecontenttask-vsgraphics.6396.read.1.tlog
d:\users\lou\desktop\boids lou kai\boids lou kai\assets\debug\assets.tlog\imagecontenttask-vsgraphics.6396.write.1.tlog
d:\users\lou\desktop\boids lou kai\boids lou kai\assets\debug\assets.tlog\imagecontenttask-vsgraphics.7284.read.1.tlog
d:\users\lou\desktop\boids lou kai\boids lou kai\assets\debug\assets.tlog\imagecontenttask-vsgraphics.7284.read.3.tlog
d:\users\lou\desktop\boids lou kai\boids lou kai\assets\debug\assets.tlog\imagecontenttask-vsgraphics.7284.read.5.tlog
d:\users\lou\desktop\boids lou kai\boids lou kai\assets\debug\assets.tlog\imagecontenttask-vsgraphics.7284.write.1.tlog
d:\users\lou\desktop\boids lou kai\boids lou kai\assets\debug\assets.tlog\imagecontenttask-vsgraphics.7284.write.3.tlog
d:\users\lou\desktop\boids lou kai\boids lou kai\assets\debug\assets.tlog\imagecontenttask-vsgraphics.7300.read.1.tlog
d:\users\lou\desktop\boids lou kai\boids lou kai\assets\debug\assets.tlog\imagecontenttask-vsgraphics.7300.read.3.tlog
d:\users\lou\desktop\boids lou kai\boids lou kai\assets\debug\assets.tlog\imagecontenttask-vsgraphics.7300.read.5.tlog
d:\users\lou\desktop\boids lou kai\boids lou kai\assets\debug\assets.tlog\imagecontenttask-vsgraphics.7300.write.1.tlog
d:\users\lou\desktop\boids lou kai\boids lou kai\assets\debug\assets.tlog\imagecontenttask-vsgraphics.7300.write.3.tlog
d:\users\lou\desktop\boids lou kai\boids lou kai\assets\debug\assets.tlog\imagecontenttask-vsgraphics.7368.read.1.tlog
d:\users\lou\desktop\boids lou kai\boids lou kai\assets\debug\assets.tlog\imagecontenttask-vsgraphics.7368.read.3.tlog
d:\users\lou\desktop\boids lou kai\boids lou kai\assets\debug\assets.tlog\imagecontenttask-vsgraphics.7368.read.5.tlog
d:\users\lou\desktop\boids lou kai\boids lou kai\assets\debug\assets.tlog\imagecontenttask-vsgraphics.7368.write.1.tlog
d:\users\lou\desktop\boids lou kai\boids lou kai\assets\debug\assets.tlog\imagecontenttask-vsgraphics.7368.write.3.tlog
d:\users\lou\desktop\boids lou kai\boids lou kai\assets\debug\assets.tlog\imagecontenttask-vsgraphics.7780.read.1.tlog
d:\users\lou\desktop\boids lou kai\boids lou kai\assets\debug\assets.tlog\imagecontenttask-vsgraphics.7780.read.3.tlog
d:\users\lou\desktop\boids lou kai\boids lou kai\assets\debug\assets.tlog\imagecontenttask-vsgraphics.7780.read.5.tlog
d:\users\lou\desktop\boids lou kai\boids lou kai\assets\debug\assets.tlog\imagecontenttask-vsgraphics.7780.write.1.tlog
d:\users\lou\desktop\boids lou kai\boids lou kai\assets\debug\assets.tlog\imagecontenttask-vsgraphics.7780.write.3.tlog
d:\users\lou\desktop\boids lou kai\boids lou kai\assets\debug\assets.tlog\imagecontenttask-vsgraphics.8560.read.1.tlog
d:\users\lou\desktop\boids lou kai\boids lou kai\assets\debug\assets.tlog\imagecontenttask-vsgraphics.8560.write.1.tlog
d:\users\lou\desktop\boids lou kai\boids lou kai\assets\debug\assets.tlog\imagecontenttask-vsgraphics.9120.read.1.tlog
d:\users\lou\desktop\boids lou kai\boids lou kai\assets\debug\assets.tlog\imagecontenttask-vsgraphics.9120.read.3.tlog
d:\users\lou\desktop\boids lou kai\boids lou kai\assets\debug\assets.tlog\imagecontenttask-vsgraphics.9120.read.5.tlog
d:\users\lou\desktop\boids lou kai\boids lou kai\assets\debug\assets.tlog\imagecontenttask-vsgraphics.9120.write.1.tlog
d:\users\lou\desktop\boids lou kai\boids lou kai\assets\debug\assets.tlog\imagecontenttask-vsgraphics.9120.write.3.tlog
d:\users\lou\desktop\boids lou kai\boids lou kai\assets\debug\assets.tlog\imagecontenttask-vsgraphics.9800.read.1.tlog
d:\users\lou\desktop\boids lou kai\boids lou kai\assets\debug\assets.tlog\imagecontenttask-vsgraphics.9800.read.3.tlog
d:\users\lou\desktop\boids lou kai\boids lou kai\assets\debug\assets.tlog\imagecontenttask-vsgraphics.9800.read.5.tlog
d:\users\lou\desktop\boids lou kai\boids lou kai\assets\debug\assets.tlog\imagecontenttask-vsgraphics.9800.write.1.tlog
d:\users\lou\desktop\boids lou kai\boids lou kai\assets\debug\assets.tlog\imagecontenttask-vsgraphics.9800.write.3.tlog
d:\users\lou\desktop\boids lou kai\boids lou kai\assets\debug\assets.tlog\imagecontenttask-vsgraphics.read.1.tlog
d:\users\lou\desktop\boids lou kai\boids lou kai\assets\debug\assets.tlog\imagecontenttask-vsgraphics.read.3.tlog
d:\users\lou\desktop\boids lou kai\boids lou kai\assets\debug\assets.tlog\imagecontenttask-vsgraphics.read.5.tlog
d:\users\lou\desktop\boids lou kai\boids lou kai\assets\debug\assets.tlog\imagecontenttask-vsgraphics.write.1.tlog
d:\users\lou\desktop\boids lou kai\boids lou kai\assets\debug\assets.tlog\imagecontenttask-vsgraphics.write.3.tlog
d:\users\lou\desktop\boids lou kai\boids lou kai\assets\debug\assets.tlog\meshcontenttask-vsgraphics.10552.read.1.tlog
d:\users\lou\desktop\boids lou kai\boids lou kai\assets\debug\assets.tlog\meshcontenttask-vsgraphics.10552.read.3.tlog
d:\users\lou\desktop\boids lou kai\boids lou kai\assets\debug\assets.tlog\meshcontenttask-vsgraphics.10552.read.5.tlog
d:\users\lou\desktop\boids lou kai\boids lou kai\assets\debug\assets.tlog\meshcontenttask-vsgraphics.10552.write.1.tlog
d:\users\lou\desktop\boids lou kai\boids lou kai\assets\debug\assets.tlog\meshcontenttask-vsgraphics.10552.write.3.tlog
d:\users\lou\desktop\boids lou kai\boids lou kai\assets\debug\assets.tlog\meshcontenttask-vsgraphics.10704.read.1.tlog
d:\users\lou\desktop\boids lou kai\boids lou kai\assets\debug\assets.tlog\meshcontenttask-vsgraphics.10704.read.3.tlog
d:\users\lou\desktop\boids lou kai\boids lou kai\assets\debug\assets.tlog\meshcontenttask-vsgraphics.10704.read.5.tlog
d:\users\lou\desktop\boids lou kai\boids lou kai\assets\debug\assets.tlog\meshcontenttask-vsgraphics.10704.write.1.tlog
d:\users\lou\desktop\boids lou kai\boids lou kai\assets\debug\assets.tlog\meshcontenttask-vsgraphics.10704.write.3.tlog
d:\users\lou\desktop\boids lou kai\boids lou kai\assets\debug\assets.tlog\meshcontenttask-vsgraphics.12960.read.1.tlog
d:\users\lou\desktop\boids lou kai\boids lou kai\assets\debug\assets.tlog\meshcontenttask-vsgraphics.12960.write.1.tlog
d:\users\lou\desktop\boids lou kai\boids lou kai\assets\debug\assets.tlog\meshcontenttask-vsgraphics.1332.read.1.tlog
d:\users\lou\desktop\boids lou kai\boids lou kai\assets\debug\assets.tlog\meshcontenttask-vsgraphics.1332.read.3.tlog
d:\users\lou\desktop\boids lou kai\boids lou kai\assets\debug\assets.tlog\meshcontenttask-vsgraphics.1332.read.5.tlog
d:\users\lou\desktop\boids lou kai\boids lou kai\assets\debug\assets.tlog\meshcontenttask-vsgraphics.1332.write.1.tlog
d:\users\lou\desktop\boids lou kai\boids lou kai\assets\debug\assets.tlog\meshcontenttask-vsgraphics.1332.write.3.tlog
d:\users\lou\desktop\boids lou kai\boids lou kai\assets\debug\assets.tlog\meshcontenttask-vsgraphics.13676.read.1.tlog
d:\users\lou\desktop\boids lou kai\boids lou kai\assets\debug\assets.tlog\meshcontenttask-vsgraphics.13676.read.3.tlog
d:\users\lou\desktop\boids lou kai\boids lou kai\assets\debug\assets.tlog\meshcontenttask-vsgraphics.13676.read.5.tlog
d:\users\lou\desktop\boids lou kai\boids lou kai\assets\debug\assets.tlog\meshcontenttask-vsgraphics.13676.write.1.tlog
d:\users\lou\desktop\boids lou kai\boids lou kai\assets\debug\assets.tlog\meshcontenttask-vsgraphics.13676.write.3.tlog
d:\users\lou\desktop\boids lou kai\boids lou kai\assets\debug\assets.tlog\meshcontenttask-vsgraphics.14316.read.1.tlog
d:\users\lou\desktop\boids lou kai\boids lou kai\assets\debug\assets.tlog\meshcontenttask-vsgraphics.14316.read.3.tlog
d:\users\lou\desktop\boids lou kai\boids lou kai\assets\debug\assets.tlog\meshcontenttask-vsgraphics.14316.read.5.tlog
d:\users\lou\desktop\boids lou kai\boids lou kai\assets\debug\assets.tlog\meshcontenttask-vsgraphics.14316.write.1.tlog
d:\users\lou\desktop\boids lou kai\boids lou kai\assets\debug\assets.tlog\meshcontenttask-vsgraphics.14316.write.3.tlog
d:\users\lou\desktop\boids lou kai\boids lou kai\assets\debug\assets.tlog\meshcontenttask-vsgraphics.15108.read.1.tlog
d:\users\lou\desktop\boids lou kai\boids lou kai\assets\debug\assets.tlog\meshcontenttask-vsgraphics.15108.write.1.tlog
d:\users\lou\desktop\boids lou kai\boids lou kai\assets\debug\assets.tlog\meshcontenttask-vsgraphics.15120.read.1.tlog
d:\users\lou\desktop\boids lou kai\boids lou kai\assets\debug\assets.tlog\meshcontenttask-vsgraphics.15120.read.3.tlog
d:\users\lou\desktop\boids lou kai\boids lou kai\assets\debug\assets.tlog\meshcontenttask-vsgraphics.15120.read.5.tlog
d:\users\lou\desktop\boids lou kai\boids lou kai\assets\debug\assets.tlog\meshcontenttask-vsgraphics.15120.write.1.tlog
d:\users\lou\desktop\boids lou kai\boids lou kai\assets\debug\assets.tlog\meshcontenttask-vsgraphics.15120.write.3.tlog
d:\users\lou\desktop\boids lou kai\boids lou kai\assets\debug\assets.tlog\meshcontenttask-vsgraphics.15372.read.1.tlog
d:\users\lou\desktop\boids lou kai\boids lou kai\assets\debug\assets.tlog\meshcontenttask-vsgraphics.15372.write.1.tlog
d:\users\lou\desktop\boids lou kai\boids lou kai\assets\debug\assets.tlog\meshcontenttask-vsgraphics.15544.read.1.tlog
d:\users\lou\desktop\boids lou kai\boids lou kai\assets\debug\assets.tlog\meshcontenttask-vsgraphics.15544.read.3.tlog
d:\users\lou\desktop\boids lou kai\boids lou kai\assets\debug\assets.tlog\meshcontenttask-vsgraphics.15544.read.5.tlog
d:\users\lou\desktop\boids lou kai\boids lou kai\assets\debug\assets.tlog\meshcontenttask-vsgraphics.15544.write.1.tlog
d:\users\lou\desktop\boids lou kai\boids lou kai\assets\debug\assets.tlog\meshcontenttask-vsgraphics.15544.write.3.tlog
d:\users\lou\desktop\boids lou kai\boids lou kai\assets\debug\assets.tlog\meshcontenttask-vsgraphics.16360.read.1.tlog
d:\users\lou\desktop\boids lou kai\boids lou kai\assets\debug\assets.tlog\meshcontenttask-vsgraphics.16360.read.3.tlog
d:\users\lou\desktop\boids lou kai\boids lou kai\assets\debug\assets.tlog\meshcontenttask-vsgraphics.16360.read.5.tlog
d:\users\lou\desktop\boids lou kai\boids lou kai\assets\debug\assets.tlog\meshcontenttask-vsgraphics.16360.write.1.tlog
d:\users\lou\desktop\boids lou kai\boids lou kai\assets\debug\assets.tlog\meshcontenttask-vsgraphics.16360.write.3.tlog
d:\users\lou\desktop\boids lou kai\boids lou kai\assets\debug\assets.tlog\meshcontenttask-vsgraphics.16880.read.1.tlog
d:\users\lou\desktop\boids lou kai\boids lou kai\assets\debug\assets.tlog\meshcontenttask-vsgraphics.16880.read.3.tlog
d:\users\lou\desktop\boids lou kai\boids lou kai\assets\debug\assets.tlog\meshcontenttask-vsgraphics.16880.read.5.tlog
d:\users\lou\desktop\boids lou kai\boids lou kai\assets\debug\assets.tlog\meshcontenttask-vsgraphics.16880.write.1.tlog
d:\users\lou\desktop\boids lou kai\boids lou kai\assets\debug\assets.tlog\meshcontenttask-vsgraphics.16880.write.3.tlog
d:\users\lou\desktop\boids lou kai\boids lou kai\assets\debug\assets.tlog\meshcontenttask-vsgraphics.18396.read.1.tlog
d:\users\lou\desktop\boids lou kai\boids lou kai\assets\debug\assets.tlog\meshcontenttask-vsgraphics.18396.read.3.tlog
d:\users\lou\desktop\boids lou kai\boids lou kai\assets\debug\assets.tlog\meshcontenttask-vsgraphics.18396.read.5.tlog
d:\users\lou\desktop\boids lou kai\boids lou kai\assets\debug\assets.tlog\meshcontenttask-vsgraphics.18396.write.1.tlog
d:\users\lou\desktop\boids lou kai\boids lou kai\assets\debug\assets.tlog\meshcontenttask-vsgraphics.18396.write.3.tlog
d:\users\lou\desktop\boids lou kai\boids lou kai\assets\debug\assets.tlog\meshcontenttask-vsgraphics.19176.read.1.tlog
d:\users\lou\desktop\boids lou kai\boids lou kai\assets\debug\assets.tlog\meshcontenttask-vsgraphics.19176.read.3.tlog
d:\users\lou\desktop\boids lou kai\boids lou kai\assets\debug\assets.tlog\meshcontenttask-vsgraphics.19176.read.5.tlog
d:\users\lou\desktop\boids lou kai\boids lou kai\assets\debug\assets.tlog\meshcontenttask-vsgraphics.19176.write.1.tlog
d:\users\lou\desktop\boids lou kai\boids lou kai\assets\debug\assets.tlog\meshcontenttask-vsgraphics.19176.write.3.tlog
d:\users\lou\desktop\boids lou kai\boids lou kai\assets\debug\assets.tlog\meshcontenttask-vsgraphics.3576.read.1.tlog
d:\users\lou\desktop\boids lou kai\boids lou kai\assets\debug\assets.tlog\meshcontenttask-vsgraphics.3576.read.3.tlog
d:\users\lou\desktop\boids lou kai\boids lou kai\assets\debug\assets.tlog\meshcontenttask-vsgraphics.3576.read.5.tlog
d:\users\lou\desktop\boids lou kai\boids lou kai\assets\debug\assets.tlog\meshcontenttask-vsgraphics.3576.write.1.tlog
d:\users\lou\desktop\boids lou kai\boids lou kai\assets\debug\assets.tlog\meshcontenttask-vsgraphics.3576.write.3.tlog
d:\users\lou\desktop\boids lou kai\boids lou kai\assets\debug\assets.tlog\meshcontenttask-vsgraphics.4420.read.1.tlog
d:\users\lou\desktop\boids lou kai\boids lou kai\assets\debug\assets.tlog\meshcontenttask-vsgraphics.4420.read.3.tlog
d:\users\lou\desktop\boids lou kai\boids lou kai\assets\debug\assets.tlog\meshcontenttask-vsgraphics.4420.read.5.tlog
d:\users\lou\desktop\boids lou kai\boids lou kai\assets\debug\assets.tlog\meshcontenttask-vsgraphics.4420.write.1.tlog
d:\users\lou\desktop\boids lou kai\boids lou kai\assets\debug\assets.tlog\meshcontenttask-vsgraphics.4420.write.3.tlog
d:\users\lou\desktop\boids lou kai\boids lou kai\assets\debug\assets.tlog\meshcontenttask-vsgraphics.5228.read.1.tlog
d:\users\lou\desktop\boids lou kai\boids lou kai\assets\debug\assets.tlog\meshcontenttask-vsgraphics.5228.read.3.tlog
d:\users\lou\desktop\boids lou kai\boids lou kai\assets\debug\assets.tlog\meshcontenttask-vsgraphics.5228.read.5.tlog
d:\users\lou\desktop\boids lou kai\boids lou kai\assets\debug\assets.tlog\meshcontenttask-vsgraphics.5228.write.1.tlog
d:\users\lou\desktop\boids lou kai\boids lou kai\assets\debug\assets.tlog\meshcontenttask-vsgraphics.5228.write.3.tlog
d:\users\lou\desktop\boids lou kai\boids lou kai\assets\debug\assets.tlog\meshcontenttask-vsgraphics.592.read.1.tlog
d:\users\lou\desktop\boids lou kai\boids lou kai\assets\debug\assets.tlog\meshcontenttask-vsgraphics.592.write.1.tlog
d:\users\lou\desktop\boids lou kai\boids lou kai\assets\debug\assets.tlog\meshcontenttask-vsgraphics.6204.read.1.tlog
d:\users\lou\desktop\boids lou kai\boids lou kai\assets\debug\assets.tlog\meshcontenttask-vsgraphics.6204.write.1.tlog
d:\users\lou\desktop\boids lou kai\boids lou kai\assets\debug\assets.tlog\meshcontenttask-vsgraphics.7072.read.1.tlog
d:\users\lou\desktop\boids lou kai\boids lou kai\assets\debug\assets.tlog\meshcontenttask-vsgraphics.7072.read.3.tlog
d:\users\lou\desktop\boids lou kai\boids lou kai\assets\debug\assets.tlog\meshcontenttask-vsgraphics.7072.read.5.tlog
d:\users\lou\desktop\boids lou kai\boids lou kai\assets\debug\assets.tlog\meshcontenttask-vsgraphics.7072.write.1.tlog
d:\users\lou\desktop\boids lou kai\boids lou kai\assets\debug\assets.tlog\meshcontenttask-vsgraphics.7072.write.3.tlog
d:\users\lou\desktop\boids lou kai\boids lou kai\assets\debug\assets.tlog\meshcontenttask-vsgraphics.7520.read.1.tlog
d:\users\lou\desktop\boids lou kai\boids lou kai\assets\debug\assets.tlog\meshcontenttask-vsgraphics.7520.write.1.tlog
d:\users\lou\desktop\boids lou kai\boids lou kai\assets\debug\assets.tlog\meshcontenttask-vsgraphics.8048.read.1.tlog
d:\users\lou\desktop\boids lou kai\boids lou kai\assets\debug\assets.tlog\meshcontenttask-vsgraphics.8048.write.1.tlog
d:\users\lou\desktop\boids lou kai\boids lou kai\assets\debug\assets.tlog\meshcontenttask-vsgraphics.8396.read.1.tlog
d:\users\lou\desktop\boids lou kai\boids lou kai\assets\debug\assets.tlog\meshcontenttask-vsgraphics.8396.read.3.tlog
d:\users\lou\desktop\boids lou kai\boids lou kai\assets\debug\assets.tlog\meshcontenttask-vsgraphics.8396.read.5.tlog
d:\users\lou\desktop\boids lou kai\boids lou kai\assets\debug\assets.tlog\meshcontenttask-vsgraphics.8396.write.1.tlog
d:\users\lou\desktop\boids lou kai\boids lou kai\assets\debug\assets.tlog\meshcontenttask-vsgraphics.8396.write.3.tlog
d:\users\lou\desktop\boids lou kai\boids lou kai\assets\debug\assets.tlog\meshcontenttask-vsgraphics.8436.read.1.tlog
d:\users\lou\desktop\boids lou kai\boids lou kai\assets\debug\assets.tlog\meshcontenttask-vsgraphics.8436.read.3.tlog
d:\users\lou\desktop\boids lou kai\boids lou kai\assets\debug\assets.tlog\meshcontenttask-vsgraphics.8436.read.5.tlog
d:\users\lou\desktop\boids lou kai\boids lou kai\assets\debug\assets.tlog\meshcontenttask-vsgraphics.8436.write.1.tlog
d:\users\lou\desktop\boids lou kai\boids lou kai\assets\debug\assets.tlog\meshcontenttask-vsgraphics.8436.write.3.tlog
d:\users\lou\desktop\boids lou kai\boids lou kai\assets\debug\assets.tlog\meshcontenttask-vsgraphics.8980.read.1.tlog
d:\users\lou\desktop\boids lou kai\boids lou kai\assets\debug\assets.tlog\meshcontenttask-vsgraphics.8980.read.3.tlog
d:\users\lou\desktop\boids lou kai\boids lou kai\assets\debug\assets.tlog\meshcontenttask-vsgraphics.8980.read.5.tlog
d:\users\lou\desktop\boids lou kai\boids lou kai\assets\debug\assets.tlog\meshcontenttask-vsgraphics.8980.write.1.tlog
d:\users\lou\desktop\boids lou kai\boids lou kai\assets\debug\assets.tlog\meshcontenttask-vsgraphics.8980.write.3.tlog
d:\users\lou\desktop\boids lou kai\boids lou kai\assets\debug\assets.tlog\meshcontenttask-vsgraphics.9072.read.1.tlog
d:\users\lou\desktop\boids lou kai\boids lou kai\assets\debug\assets.tlog\meshcontenttask-vsgraphics.9072.read.3.tlog
d:\users\lou\desktop\boids lou kai\boids lou kai\assets\debug\assets.tlog\meshcontenttask-vsgraphics.9072.read.5.tlog
d:\users\lou\desktop\boids lou kai\boids lou kai\assets\debug\assets.tlog\meshcontenttask-vsgraphics.9072.write.1.tlog
d:\users\lou\desktop\boids lou kai\boids lou kai\assets\debug\assets.tlog\meshcontenttask-vsgraphics.9072.write.3.tlog
d:\users\lou\desktop\boids lou kai\boids lou kai\assets\debug\assets.tlog\meshcontenttask-vsgraphics.read.1.tlog
d:\users\lou\desktop\boids lou kai\boids lou kai\assets\debug\assets.tlog\meshcontenttask-vsgraphics.read.3.tlog
d:\users\lou\desktop\boids lou kai\boids lou kai\assets\debug\assets.tlog\meshcontenttask-vsgraphics.read.5.tlog
d:\users\lou\desktop\boids lou kai\boids lou kai\assets\debug\assets.tlog\meshcontenttask-vsgraphics.write.1.tlog
d:\users\lou\desktop\boids lou kai\boids lou kai\assets\debug\assets.tlog\meshcontenttask-vsgraphics.write.3.tlog
