d:\scarlecodebase-master ben\bin\desktop_2015\win32\debug\directxtk.lib
f:\workhelp\scarlecodebase-master ben\scarlecodebase-master ben\bin\desktop_2015\win32\debug\directxtk.lib
f:\workhelp\scarlecodebase-master ben - copy\scarlecodebase-master ben\bin\desktop_2015\win32\debug\directxtk.lib
d:\scarlecodebase-master ben\bin\desktop_2015\win32\debug\directxtk.pch
d:\scarlecodebase-master ben\bin\desktop_2015\win32\debug\directxtk.pdb
d:\scarlecodebase-master ben\bin\desktop_2015\win32\debug\directxtk.idb
d:\scarlecodebase-master ben\bin\desktop_2015\win32\debug\pch.obj
d:\scarlecodebase-master ben\bin\desktop_2015\win32\debug\environmentmapeffect.obj
d:\scarlecodebase-master ben\bin\desktop_2015\win32\debug\gamepad.obj
d:\scarlecodebase-master ben\bin\desktop_2015\win32\debug\geometricprimitive.obj
d:\scarlecodebase-master ben\bin\desktop_2015\win32\debug\geometry.obj
d:\scarlecodebase-master ben\bin\desktop_2015\win32\debug\graphicsmemory.obj
d:\scarlecodebase-master ben\bin\desktop_2015\win32\debug\keyboard.obj
d:\scarlecodebase-master ben\bin\desktop_2015\win32\debug\model.obj
d:\scarlecodebase-master ben\bin\desktop_2015\win32\debug\modelloadcmo.obj
d:\scarlecodebase-master ben\bin\desktop_2015\win32\debug\modelloadsdkmesh.obj
d:\scarlecodebase-master ben\bin\desktop_2015\win32\debug\modelloadvbo.obj
d:\scarlecodebase-master ben\bin\desktop_2015\win32\debug\mouse.obj
d:\scarlecodebase-master ben\bin\desktop_2015\win32\debug\normalmapeffect.obj
d:\scarlecodebase-master ben\bin\desktop_2015\win32\debug\screengrab.obj
d:\scarlecodebase-master ben\bin\desktop_2015\win32\debug\simplemath.obj
d:\scarlecodebase-master ben\bin\desktop_2015\win32\debug\skinnedeffect.obj
d:\scarlecodebase-master ben\bin\desktop_2015\win32\debug\spritebatch.obj
d:\scarlecodebase-master ben\bin\desktop_2015\win32\debug\primitivebatch.obj
d:\scarlecodebase-master ben\bin\desktop_2015\win32\debug\spritefont.obj
d:\scarlecodebase-master ben\bin\desktop_2015\win32\debug\vertextypes.obj
d:\scarlecodebase-master ben\bin\desktop_2015\win32\debug\wictextureloader.obj
d:\scarlecodebase-master ben\bin\desktop_2015\win32\debug\alphatesteffect.obj
d:\scarlecodebase-master ben\bin\desktop_2015\win32\debug\basiceffect.obj
d:\scarlecodebase-master ben\bin\desktop_2015\win32\debug\commonstates.obj
d:\scarlecodebase-master ben\bin\desktop_2015\win32\debug\ddstextureloader.obj
d:\scarlecodebase-master ben\bin\desktop_2015\win32\debug\dgsleffect.obj
d:\scarlecodebase-master ben\bin\desktop_2015\win32\debug\dgsleffectfactory.obj
d:\scarlecodebase-master ben\bin\desktop_2015\win32\debug\dualtextureeffect.obj
d:\scarlecodebase-master ben\bin\desktop_2015\win32\debug\binaryreader.obj
d:\scarlecodebase-master ben\bin\desktop_2015\win32\debug\effectcommon.obj
d:\scarlecodebase-master ben\bin\desktop_2015\win32\debug\effectfactory.obj
f:\workhelp\scarlecodebase-master ben\scarlecodebase-master ben\bin\desktop_2015\win32\debug\directxtk.pch
f:\workhelp\scarlecodebase-master ben\scarlecodebase-master ben\bin\desktop_2015\win32\debug\directxtk.pdb
f:\workhelp\scarlecodebase-master ben\scarlecodebase-master ben\bin\desktop_2015\win32\debug\directxtk.idb
f:\workhelp\scarlecodebase-master ben\scarlecodebase-master ben\bin\desktop_2015\win32\debug\pch.obj
f:\workhelp\scarlecodebase-master ben\scarlecodebase-master ben\bin\desktop_2015\win32\debug\environmentmapeffect.obj
f:\workhelp\scarlecodebase-master ben\scarlecodebase-master ben\bin\desktop_2015\win32\debug\gamepad.obj
f:\workhelp\scarlecodebase-master ben\scarlecodebase-master ben\bin\desktop_2015\win32\debug\geometricprimitive.obj
f:\workhelp\scarlecodebase-master ben\scarlecodebase-master ben\bin\desktop_2015\win32\debug\geometry.obj
f:\workhelp\scarlecodebase-master ben\scarlecodebase-master ben\bin\desktop_2015\win32\debug\graphicsmemory.obj
f:\workhelp\scarlecodebase-master ben\scarlecodebase-master ben\bin\desktop_2015\win32\debug\keyboard.obj
f:\workhelp\scarlecodebase-master ben\scarlecodebase-master ben\bin\desktop_2015\win32\debug\model.obj
f:\workhelp\scarlecodebase-master ben\scarlecodebase-master ben\bin\desktop_2015\win32\debug\modelloadcmo.obj
f:\workhelp\scarlecodebase-master ben\scarlecodebase-master ben\bin\desktop_2015\win32\debug\modelloadsdkmesh.obj
f:\workhelp\scarlecodebase-master ben\scarlecodebase-master ben\bin\desktop_2015\win32\debug\modelloadvbo.obj
f:\workhelp\scarlecodebase-master ben\scarlecodebase-master ben\bin\desktop_2015\win32\debug\mouse.obj
f:\workhelp\scarlecodebase-master ben\scarlecodebase-master ben\bin\desktop_2015\win32\debug\normalmapeffect.obj
f:\workhelp\scarlecodebase-master ben\scarlecodebase-master ben\bin\desktop_2015\win32\debug\screengrab.obj
f:\workhelp\scarlecodebase-master ben\scarlecodebase-master ben\bin\desktop_2015\win32\debug\simplemath.obj
f:\workhelp\scarlecodebase-master ben\scarlecodebase-master ben\bin\desktop_2015\win32\debug\skinnedeffect.obj
f:\workhelp\scarlecodebase-master ben\scarlecodebase-master ben\bin\desktop_2015\win32\debug\spritebatch.obj
f:\workhelp\scarlecodebase-master ben\scarlecodebase-master ben\bin\desktop_2015\win32\debug\primitivebatch.obj
f:\workhelp\scarlecodebase-master ben\scarlecodebase-master ben\bin\desktop_2015\win32\debug\spritefont.obj
f:\workhelp\scarlecodebase-master ben\scarlecodebase-master ben\bin\desktop_2015\win32\debug\vertextypes.obj
f:\workhelp\scarlecodebase-master ben\scarlecodebase-master ben\bin\desktop_2015\win32\debug\wictextureloader.obj
f:\workhelp\scarlecodebase-master ben\scarlecodebase-master ben\bin\desktop_2015\win32\debug\alphatesteffect.obj
f:\workhelp\scarlecodebase-master ben\scarlecodebase-master ben\bin\desktop_2015\win32\debug\basiceffect.obj
f:\workhelp\scarlecodebase-master ben\scarlecodebase-master ben\bin\desktop_2015\win32\debug\commonstates.obj
f:\workhelp\scarlecodebase-master ben\scarlecodebase-master ben\bin\desktop_2015\win32\debug\ddstextureloader.obj
f:\workhelp\scarlecodebase-master ben\scarlecodebase-master ben\bin\desktop_2015\win32\debug\dgsleffect.obj
f:\workhelp\scarlecodebase-master ben\scarlecodebase-master ben\bin\desktop_2015\win32\debug\dgsleffectfactory.obj
f:\workhelp\scarlecodebase-master ben\scarlecodebase-master ben\bin\desktop_2015\win32\debug\dualtextureeffect.obj
f:\workhelp\scarlecodebase-master ben\scarlecodebase-master ben\bin\desktop_2015\win32\debug\binaryreader.obj
f:\workhelp\scarlecodebase-master ben\scarlecodebase-master ben\bin\desktop_2015\win32\debug\effectcommon.obj
f:\workhelp\scarlecodebase-master ben\scarlecodebase-master ben\bin\desktop_2015\win32\debug\effectfactory.obj
f:\workhelp\scarlecodebase-master ben - copy\scarlecodebase-master ben\bin\desktop_2015\win32\debug\directxtk.pch
f:\workhelp\scarlecodebase-master ben - copy\scarlecodebase-master ben\bin\desktop_2015\win32\debug\directxtk.pdb
f:\workhelp\scarlecodebase-master ben - copy\scarlecodebase-master ben\bin\desktop_2015\win32\debug\directxtk.idb
f:\workhelp\scarlecodebase-master ben - copy\scarlecodebase-master ben\bin\desktop_2015\win32\debug\pch.obj
f:\workhelp\scarlecodebase-master ben - copy\scarlecodebase-master ben\bin\desktop_2015\win32\debug\environmentmapeffect.obj
f:\workhelp\scarlecodebase-master ben - copy\scarlecodebase-master ben\bin\desktop_2015\win32\debug\gamepad.obj
f:\workhelp\scarlecodebase-master ben - copy\scarlecodebase-master ben\bin\desktop_2015\win32\debug\geometricprimitive.obj
f:\workhelp\scarlecodebase-master ben - copy\scarlecodebase-master ben\bin\desktop_2015\win32\debug\geometry.obj
f:\workhelp\scarlecodebase-master ben - copy\scarlecodebase-master ben\bin\desktop_2015\win32\debug\graphicsmemory.obj
f:\workhelp\scarlecodebase-master ben - copy\scarlecodebase-master ben\bin\desktop_2015\win32\debug\keyboard.obj
f:\workhelp\scarlecodebase-master ben - copy\scarlecodebase-master ben\bin\desktop_2015\win32\debug\model.obj
f:\workhelp\scarlecodebase-master ben - copy\scarlecodebase-master ben\bin\desktop_2015\win32\debug\modelloadcmo.obj
f:\workhelp\scarlecodebase-master ben - copy\scarlecodebase-master ben\bin\desktop_2015\win32\debug\modelloadsdkmesh.obj
f:\workhelp\scarlecodebase-master ben - copy\scarlecodebase-master ben\bin\desktop_2015\win32\debug\modelloadvbo.obj
f:\workhelp\scarlecodebase-master ben - copy\scarlecodebase-master ben\bin\desktop_2015\win32\debug\mouse.obj
f:\workhelp\scarlecodebase-master ben - copy\scarlecodebase-master ben\bin\desktop_2015\win32\debug\normalmapeffect.obj
f:\workhelp\scarlecodebase-master ben - copy\scarlecodebase-master ben\bin\desktop_2015\win32\debug\screengrab.obj
f:\workhelp\scarlecodebase-master ben - copy\scarlecodebase-master ben\bin\desktop_2015\win32\debug\simplemath.obj
f:\workhelp\scarlecodebase-master ben - copy\scarlecodebase-master ben\bin\desktop_2015\win32\debug\skinnedeffect.obj
f:\workhelp\scarlecodebase-master ben - copy\scarlecodebase-master ben\bin\desktop_2015\win32\debug\spritebatch.obj
f:\workhelp\scarlecodebase-master ben - copy\scarlecodebase-master ben\bin\desktop_2015\win32\debug\primitivebatch.obj
f:\workhelp\scarlecodebase-master ben - copy\scarlecodebase-master ben\bin\desktop_2015\win32\debug\spritefont.obj
f:\workhelp\scarlecodebase-master ben - copy\scarlecodebase-master ben\bin\desktop_2015\win32\debug\vertextypes.obj
f:\workhelp\scarlecodebase-master ben - copy\scarlecodebase-master ben\bin\desktop_2015\win32\debug\wictextureloader.obj
f:\workhelp\scarlecodebase-master ben - copy\scarlecodebase-master ben\bin\desktop_2015\win32\debug\alphatesteffect.obj
f:\workhelp\scarlecodebase-master ben - copy\scarlecodebase-master ben\bin\desktop_2015\win32\debug\basiceffect.obj
f:\workhelp\scarlecodebase-master ben - copy\scarlecodebase-master ben\bin\desktop_2015\win32\debug\commonstates.obj
f:\workhelp\scarlecodebase-master ben - copy\scarlecodebase-master ben\bin\desktop_2015\win32\debug\ddstextureloader.obj
f:\workhelp\scarlecodebase-master ben - copy\scarlecodebase-master ben\bin\desktop_2015\win32\debug\dgsleffect.obj
f:\workhelp\scarlecodebase-master ben - copy\scarlecodebase-master ben\bin\desktop_2015\win32\debug\dgsleffectfactory.obj
f:\workhelp\scarlecodebase-master ben - copy\scarlecodebase-master ben\bin\desktop_2015\win32\debug\dualtextureeffect.obj
f:\workhelp\scarlecodebase-master ben - copy\scarlecodebase-master ben\bin\desktop_2015\win32\debug\binaryreader.obj
f:\workhelp\scarlecodebase-master ben - copy\scarlecodebase-master ben\bin\desktop_2015\win32\debug\effectcommon.obj
f:\workhelp\scarlecodebase-master ben - copy\scarlecodebase-master ben\bin\desktop_2015\win32\debug\effectfactory.obj
f:\workhelp\scarlecodebase-master ben - copy\scarlecodebase-master ben\bin\desktop_2015\win32\debug\directxt.e0b52ae7.tlog\cl.command.1.tlog
f:\workhelp\scarlecodebase-master ben - copy\scarlecodebase-master ben\bin\desktop_2015\win32\debug\directxt.e0b52ae7.tlog\lib.command.1.tlog
f:\workhelp\scarlecodebase-master ben - copy\scarlecodebase-master ben\bin\desktop_2015\win32\debug\directxt.e0b52ae7.tlog\cl.read.1.tlog
f:\workhelp\scarlecodebase-master ben - copy\scarlecodebase-master ben\bin\desktop_2015\win32\debug\directxt.e0b52ae7.tlog\lib-link.read.1.tlog
f:\workhelp\scarlecodebase-master ben - copy\scarlecodebase-master ben\bin\desktop_2015\win32\debug\directxt.e0b52ae7.tlog\lib-link.write.1.tlog
f:\workhelp\scarlecodebase-master ben - copy\scarlecodebase-master ben\bin\desktop_2015\win32\debug\directxt.e0b52ae7.tlog\cl.write.1.tlog
