d:\scarlecodebase-master ben\bin\desktop_2015\win32\debug\directxtkaudiowin8.lib
f:\workhelp\scarlecodebase-master ben\scarlecodebase-master ben\bin\desktop_2015\win32\debug\directxtkaudiowin8.lib
f:\workhelp\scarlecodebase-master ben - copy\scarlecodebase-master ben\bin\desktop_2015\win32\debug\directxtkaudiowin8.lib
d:\scarlecodebase-master ben\bin\desktop_2015\win32\debug\directxtkaudiowin8.pch
d:\scarlecodebase-master ben\bin\desktop_2015\win32\debug\directxtkaudiowin8.pdb
d:\scarlecodebase-master ben\bin\desktop_2015\win32\debug\directxtkaudiowin8.idb
d:\scarlecodebase-master ben\bin\desktop_2015\win32\debug\audioengine.obj
d:\scarlecodebase-master ben\bin\desktop_2015\win32\debug\dynamicsoundeffectinstance.obj
d:\scarlecodebase-master ben\bin\desktop_2015\win32\debug\soundcommon.obj
d:\scarlecodebase-master ben\bin\desktop_2015\win32\debug\soundeffect.obj
d:\scarlecodebase-master ben\bin\desktop_2015\win32\debug\soundeffectinstance.obj
d:\scarlecodebase-master ben\bin\desktop_2015\win32\debug\wavebank.obj
d:\scarlecodebase-master ben\bin\desktop_2015\win32\debug\wavebankreader.obj
d:\scarlecodebase-master ben\bin\desktop_2015\win32\debug\wavfilereader.obj
f:\workhelp\scarlecodebase-master ben\scarlecodebase-master ben\bin\desktop_2015\win32\debug\directxtkaudiowin8.pch
f:\workhelp\scarlecodebase-master ben\scarlecodebase-master ben\bin\desktop_2015\win32\debug\directxtkaudiowin8.pdb
f:\workhelp\scarlecodebase-master ben\scarlecodebase-master ben\bin\desktop_2015\win32\debug\directxtkaudiowin8.idb
f:\workhelp\scarlecodebase-master ben\scarlecodebase-master ben\bin\desktop_2015\win32\debug\audioengine.obj
f:\workhelp\scarlecodebase-master ben\scarlecodebase-master ben\bin\desktop_2015\win32\debug\dynamicsoundeffectinstance.obj
f:\workhelp\scarlecodebase-master ben\scarlecodebase-master ben\bin\desktop_2015\win32\debug\soundcommon.obj
f:\workhelp\scarlecodebase-master ben\scarlecodebase-master ben\bin\desktop_2015\win32\debug\soundeffect.obj
f:\workhelp\scarlecodebase-master ben\scarlecodebase-master ben\bin\desktop_2015\win32\debug\soundeffectinstance.obj
f:\workhelp\scarlecodebase-master ben\scarlecodebase-master ben\bin\desktop_2015\win32\debug\wavebank.obj
f:\workhelp\scarlecodebase-master ben\scarlecodebase-master ben\bin\desktop_2015\win32\debug\wavebankreader.obj
f:\workhelp\scarlecodebase-master ben\scarlecodebase-master ben\bin\desktop_2015\win32\debug\wavfilereader.obj
f:\workhelp\scarlecodebase-master ben - copy\scarlecodebase-master ben\bin\desktop_2015\win32\debug\directxtkaudiowin8.pch
f:\workhelp\scarlecodebase-master ben - copy\scarlecodebase-master ben\bin\desktop_2015\win32\debug\directxtkaudiowin8.pdb
f:\workhelp\scarlecodebase-master ben - copy\scarlecodebase-master ben\bin\desktop_2015\win32\debug\directxtkaudiowin8.idb
f:\workhelp\scarlecodebase-master ben - copy\scarlecodebase-master ben\bin\desktop_2015\win32\debug\audioengine.obj
f:\workhelp\scarlecodebase-master ben - copy\scarlecodebase-master ben\bin\desktop_2015\win32\debug\dynamicsoundeffectinstance.obj
f:\workhelp\scarlecodebase-master ben - copy\scarlecodebase-master ben\bin\desktop_2015\win32\debug\soundcommon.obj
f:\workhelp\scarlecodebase-master ben - copy\scarlecodebase-master ben\bin\desktop_2015\win32\debug\soundeffect.obj
f:\workhelp\scarlecodebase-master ben - copy\scarlecodebase-master ben\bin\desktop_2015\win32\debug\soundeffectinstance.obj
f:\workhelp\scarlecodebase-master ben - copy\scarlecodebase-master ben\bin\desktop_2015\win32\debug\wavebank.obj
f:\workhelp\scarlecodebase-master ben - copy\scarlecodebase-master ben\bin\desktop_2015\win32\debug\wavebankreader.obj
f:\workhelp\scarlecodebase-master ben - copy\scarlecodebase-master ben\bin\desktop_2015\win32\debug\wavfilereader.obj
f:\workhelp\scarlecodebase-master ben - copy\scarlecodebase-master ben\audio\..\bin\desktop_2015\win32\debug\directxtkaudiowin8.lib
f:\workhelp\scarlecodebase-master ben - copy\scarlecodebase-master ben\bin\desktop_2015\win32\debug\directxt.4f150a30.tlog\cl.command.1.tlog
f:\workhelp\scarlecodebase-master ben - copy\scarlecodebase-master ben\bin\desktop_2015\win32\debug\directxt.4f150a30.tlog\lib.command.1.tlog
f:\workhelp\scarlecodebase-master ben - copy\scarlecodebase-master ben\bin\desktop_2015\win32\debug\directxt.4f150a30.tlog\cl.read.1.tlog
f:\workhelp\scarlecodebase-master ben - copy\scarlecodebase-master ben\bin\desktop_2015\win32\debug\directxt.4f150a30.tlog\lib-link.read.1.tlog
f:\workhelp\scarlecodebase-master ben - copy\scarlecodebase-master ben\bin\desktop_2015\win32\debug\directxt.4f150a30.tlog\lib-link.write.1.tlog
f:\workhelp\scarlecodebase-master ben - copy\scarlecodebase-master ben\bin\desktop_2015\win32\debug\directxt.4f150a30.tlog\cl.write.1.tlog
