D:\Program Files (x86)\MSBuild\Microsoft.Cpp\v4.0\V140\Microsoft.CppBuild.targets(392,5): warning MSB8028: The intermediate directory (Bin\Desktop_2015\Win32\Debug\) contains files shared from another project (DirectXTKAudio_Desktop_2015_Win8.vcxproj, Game.vcxproj).  This can lead to incorrect clean and rebuild behavior.
  pch.cpp
  WICTextureLoader.cpp
  VertexTypes.cpp
  SpriteFont.cpp
  SpriteBatch.cpp
  SkinnedEffect.cpp
  SimpleMath.cpp
  ScreenGrab.cpp
  PrimitiveBatch.cpp
  NormalMapEffect.cpp
  Mouse.cpp
  ModelLoadVBO.cpp
  ModelLoadSDKMESH.cpp
  ModelLoadCMO.cpp
  Model.cpp
  Keyboard.cpp
  GraphicsMemory.cpp
  Geometry.cpp
  GeometricPrimitive.cpp
  GamePad.cpp
  EnvironmentMapEffect.cpp
  Generating Code...
  Compiling...
  EffectFactory.cpp
  EffectCommon.cpp
  DualTextureEffect.cpp
  DGSLEffectFactory.cpp
  DGSLEffect.cpp
  DDSTextureLoader.cpp
  CommonStates.cpp
  BinaryReader.cpp
  BasicEffect.cpp
  AlphaTestEffect.cpp
  Generating Code...
  DirectXTK_Desktop_2015.vcxproj -> D:\Users\Lou\Desktop\Boids Lou Kai\Boids Lou Kai\Bin\Desktop_2015\Win32\Debug\DirectXTK.lib
