d:\scarlecodebase-master ben\bin\desktop_2015\win32\debug\game.lib
f:\workhelp\scarlecodebase-master ben\scarlecodebase-master ben\bin\desktop_2015\win32\debug\game.lib
f:\workhelp\scarlecodebase-master ben - copy\scarlecodebase-master ben\bin\desktop_2015\win32\debug\game.lib
d:\scarlecodebase-master ben\bin\desktop_2015\win32\debug\game.pdb
d:\scarlecodebase-master ben\bin\desktop_2015\win32\debug\game.idb
d:\scarlecodebase-master ben\bin\desktop_2015\win32\debug\boids.obj
d:\scarlecodebase-master ben\bin\desktop_2015\win32\debug\boidmanager.obj
d:\scarlecodebase-master ben\bin\desktop_2015\win32\debug\camera.obj
d:\scarlecodebase-master ben\bin\desktop_2015\win32\debug\cmogo.obj
d:\scarlecodebase-master ben\bin\desktop_2015\win32\debug\filevbgo.obj
d:\scarlecodebase-master ben\bin\desktop_2015\win32\debug\game.obj
d:\scarlecodebase-master ben\bin\desktop_2015\win32\debug\gameobject.obj
d:\scarlecodebase-master ben\bin\desktop_2015\win32\debug\gameobject2d.obj
d:\scarlecodebase-master ben\bin\desktop_2015\win32\debug\imagego2d.obj
d:\scarlecodebase-master ben\bin\desktop_2015\win32\debug\light.obj
d:\scarlecodebase-master ben\bin\desktop_2015\win32\debug\marchcubes.obj
d:\scarlecodebase-master ben\bin\desktop_2015\win32\debug\player.obj
d:\scarlecodebase-master ben\bin\desktop_2015\win32\debug\terrain.obj
d:\scarlecodebase-master ben\bin\desktop_2015\win32\debug\textgo2d.obj
d:\scarlecodebase-master ben\bin\desktop_2015\win32\debug\tpscamera.obj
d:\scarlecodebase-master ben\bin\desktop_2015\win32\debug\tree.obj
d:\scarlecodebase-master ben\bin\desktop_2015\win32\debug\treebit.obj
d:\scarlecodebase-master ben\bin\desktop_2015\win32\debug\vbcube.obj
d:\scarlecodebase-master ben\bin\desktop_2015\win32\debug\vbgo.obj
d:\scarlecodebase-master ben\bin\desktop_2015\win32\debug\vbsnail.obj
f:\workhelp\scarlecodebase-master ben\scarlecodebase-master ben\bin\desktop_2015\win32\debug\game.pdb
f:\workhelp\scarlecodebase-master ben\scarlecodebase-master ben\bin\desktop_2015\win32\debug\game.idb
f:\workhelp\scarlecodebase-master ben\scarlecodebase-master ben\bin\desktop_2015\win32\debug\boids.obj
f:\workhelp\scarlecodebase-master ben\scarlecodebase-master ben\bin\desktop_2015\win32\debug\boidmanager.obj
f:\workhelp\scarlecodebase-master ben\scarlecodebase-master ben\bin\desktop_2015\win32\debug\camera.obj
f:\workhelp\scarlecodebase-master ben\scarlecodebase-master ben\bin\desktop_2015\win32\debug\cmogo.obj
f:\workhelp\scarlecodebase-master ben\scarlecodebase-master ben\bin\desktop_2015\win32\debug\filevbgo.obj
f:\workhelp\scarlecodebase-master ben\scarlecodebase-master ben\bin\desktop_2015\win32\debug\game.obj
f:\workhelp\scarlecodebase-master ben\scarlecodebase-master ben\bin\desktop_2015\win32\debug\gameobject.obj
f:\workhelp\scarlecodebase-master ben\scarlecodebase-master ben\bin\desktop_2015\win32\debug\gameobject2d.obj
f:\workhelp\scarlecodebase-master ben\scarlecodebase-master ben\bin\desktop_2015\win32\debug\imagego2d.obj
f:\workhelp\scarlecodebase-master ben\scarlecodebase-master ben\bin\desktop_2015\win32\debug\light.obj
f:\workhelp\scarlecodebase-master ben\scarlecodebase-master ben\bin\desktop_2015\win32\debug\marchcubes.obj
f:\workhelp\scarlecodebase-master ben\scarlecodebase-master ben\bin\desktop_2015\win32\debug\player.obj
f:\workhelp\scarlecodebase-master ben\scarlecodebase-master ben\bin\desktop_2015\win32\debug\terrain.obj
f:\workhelp\scarlecodebase-master ben\scarlecodebase-master ben\bin\desktop_2015\win32\debug\textgo2d.obj
f:\workhelp\scarlecodebase-master ben\scarlecodebase-master ben\bin\desktop_2015\win32\debug\tpscamera.obj
f:\workhelp\scarlecodebase-master ben\scarlecodebase-master ben\bin\desktop_2015\win32\debug\tree.obj
f:\workhelp\scarlecodebase-master ben\scarlecodebase-master ben\bin\desktop_2015\win32\debug\treebit.obj
f:\workhelp\scarlecodebase-master ben\scarlecodebase-master ben\bin\desktop_2015\win32\debug\vbcube.obj
f:\workhelp\scarlecodebase-master ben\scarlecodebase-master ben\bin\desktop_2015\win32\debug\vbgo.obj
f:\workhelp\scarlecodebase-master ben\scarlecodebase-master ben\bin\desktop_2015\win32\debug\vbsnail.obj
f:\workhelp\scarlecodebase-master ben - copy\scarlecodebase-master ben\bin\desktop_2015\win32\debug\game.pdb
f:\workhelp\scarlecodebase-master ben - copy\scarlecodebase-master ben\bin\desktop_2015\win32\debug\game.idb
f:\workhelp\scarlecodebase-master ben - copy\scarlecodebase-master ben\bin\desktop_2015\win32\debug\boidscontroller.obj
f:\workhelp\scarlecodebase-master ben - copy\scarlecodebase-master ben\bin\desktop_2015\win32\debug\boids.obj
f:\workhelp\scarlecodebase-master ben - copy\scarlecodebase-master ben\bin\desktop_2015\win32\debug\camera.obj
f:\workhelp\scarlecodebase-master ben - copy\scarlecodebase-master ben\bin\desktop_2015\win32\debug\cmogo.obj
f:\workhelp\scarlecodebase-master ben - copy\scarlecodebase-master ben\bin\desktop_2015\win32\debug\filevbgo.obj
f:\workhelp\scarlecodebase-master ben - copy\scarlecodebase-master ben\bin\desktop_2015\win32\debug\game.obj
f:\workhelp\scarlecodebase-master ben - copy\scarlecodebase-master ben\bin\desktop_2015\win32\debug\gameobject.obj
f:\workhelp\scarlecodebase-master ben - copy\scarlecodebase-master ben\bin\desktop_2015\win32\debug\gameobject2d.obj
f:\workhelp\scarlecodebase-master ben - copy\scarlecodebase-master ben\bin\desktop_2015\win32\debug\imagego2d.obj
f:\workhelp\scarlecodebase-master ben - copy\scarlecodebase-master ben\bin\desktop_2015\win32\debug\light.obj
f:\workhelp\scarlecodebase-master ben - copy\scarlecodebase-master ben\bin\desktop_2015\win32\debug\marchcubes.obj
f:\workhelp\scarlecodebase-master ben - copy\scarlecodebase-master ben\bin\desktop_2015\win32\debug\player.obj
f:\workhelp\scarlecodebase-master ben - copy\scarlecodebase-master ben\bin\desktop_2015\win32\debug\terrain.obj
f:\workhelp\scarlecodebase-master ben - copy\scarlecodebase-master ben\bin\desktop_2015\win32\debug\textgo2d.obj
f:\workhelp\scarlecodebase-master ben - copy\scarlecodebase-master ben\bin\desktop_2015\win32\debug\tpscamera.obj
f:\workhelp\scarlecodebase-master ben - copy\scarlecodebase-master ben\bin\desktop_2015\win32\debug\tree.obj
f:\workhelp\scarlecodebase-master ben - copy\scarlecodebase-master ben\bin\desktop_2015\win32\debug\treebit.obj
f:\workhelp\scarlecodebase-master ben - copy\scarlecodebase-master ben\bin\desktop_2015\win32\debug\vbcube.obj
f:\workhelp\scarlecodebase-master ben - copy\scarlecodebase-master ben\bin\desktop_2015\win32\debug\vbgo.obj
f:\workhelp\scarlecodebase-master ben - copy\scarlecodebase-master ben\bin\desktop_2015\win32\debug\vbsnail.obj
f:\workhelp\scarlecodebase-master ben - copy\scarlecodebase-master ben\bin\desktop_2015\win32\debug\boidmanager.obj
f:\workhelp\scarlecodebase-master ben - copy\scarlecodebase-master ben\bin\desktop_2015\win32\debug\pch.obj
f:\workhelp\scarlecodebase-master ben - copy\scarlecodebase-master ben\bin\desktop_2015\win32\debug\audioengine.obj
f:\workhelp\scarlecodebase-master ben - copy\scarlecodebase-master ben\bin\desktop_2015\win32\debug\dynamicsoundeffectinstance.obj
f:\workhelp\scarlecodebase-master ben - copy\scarlecodebase-master ben\bin\desktop_2015\win32\debug\soundcommon.obj
f:\workhelp\scarlecodebase-master ben - copy\scarlecodebase-master ben\bin\desktop_2015\win32\debug\soundeffect.obj
f:\workhelp\scarlecodebase-master ben - copy\scarlecodebase-master ben\bin\desktop_2015\win32\debug\soundeffectinstance.obj
f:\workhelp\scarlecodebase-master ben - copy\scarlecodebase-master ben\bin\desktop_2015\win32\debug\wavebank.obj
f:\workhelp\scarlecodebase-master ben - copy\scarlecodebase-master ben\bin\desktop_2015\win32\debug\wavebankreader.obj
f:\workhelp\scarlecodebase-master ben - copy\scarlecodebase-master ben\bin\desktop_2015\win32\debug\wavfilereader.obj
f:\workhelp\scarlecodebase-master ben - copy\scarlecodebase-master ben\bin\desktop_2015\win32\debug\environmentmapeffect.obj
f:\workhelp\scarlecodebase-master ben - copy\scarlecodebase-master ben\bin\desktop_2015\win32\debug\gamepad.obj
f:\workhelp\scarlecodebase-master ben - copy\scarlecodebase-master ben\bin\desktop_2015\win32\debug\geometricprimitive.obj
f:\workhelp\scarlecodebase-master ben - copy\scarlecodebase-master ben\bin\desktop_2015\win32\debug\geometry.obj
f:\workhelp\scarlecodebase-master ben - copy\scarlecodebase-master ben\bin\desktop_2015\win32\debug\graphicsmemory.obj
f:\workhelp\scarlecodebase-master ben - copy\scarlecodebase-master ben\bin\desktop_2015\win32\debug\keyboard.obj
f:\workhelp\scarlecodebase-master ben - copy\scarlecodebase-master ben\bin\desktop_2015\win32\debug\model.obj
f:\workhelp\scarlecodebase-master ben - copy\scarlecodebase-master ben\bin\desktop_2015\win32\debug\modelloadcmo.obj
f:\workhelp\scarlecodebase-master ben - copy\scarlecodebase-master ben\bin\desktop_2015\win32\debug\modelloadsdkmesh.obj
f:\workhelp\scarlecodebase-master ben - copy\scarlecodebase-master ben\bin\desktop_2015\win32\debug\modelloadvbo.obj
f:\workhelp\scarlecodebase-master ben - copy\scarlecodebase-master ben\bin\desktop_2015\win32\debug\mouse.obj
f:\workhelp\scarlecodebase-master ben - copy\scarlecodebase-master ben\bin\desktop_2015\win32\debug\normalmapeffect.obj
f:\workhelp\scarlecodebase-master ben - copy\scarlecodebase-master ben\bin\desktop_2015\win32\debug\screengrab.obj
f:\workhelp\scarlecodebase-master ben - copy\scarlecodebase-master ben\bin\desktop_2015\win32\debug\simplemath.obj
f:\workhelp\scarlecodebase-master ben - copy\scarlecodebase-master ben\bin\desktop_2015\win32\debug\skinnedeffect.obj
f:\workhelp\scarlecodebase-master ben - copy\scarlecodebase-master ben\bin\desktop_2015\win32\debug\spritebatch.obj
f:\workhelp\scarlecodebase-master ben - copy\scarlecodebase-master ben\bin\desktop_2015\win32\debug\primitivebatch.obj
f:\workhelp\scarlecodebase-master ben - copy\scarlecodebase-master ben\bin\desktop_2015\win32\debug\spritefont.obj
f:\workhelp\scarlecodebase-master ben - copy\scarlecodebase-master ben\bin\desktop_2015\win32\debug\vertextypes.obj
f:\workhelp\scarlecodebase-master ben - copy\scarlecodebase-master ben\bin\desktop_2015\win32\debug\wictextureloader.obj
f:\workhelp\scarlecodebase-master ben - copy\scarlecodebase-master ben\bin\desktop_2015\win32\debug\alphatesteffect.obj
f:\workhelp\scarlecodebase-master ben - copy\scarlecodebase-master ben\bin\desktop_2015\win32\debug\basiceffect.obj
f:\workhelp\scarlecodebase-master ben - copy\scarlecodebase-master ben\bin\desktop_2015\win32\debug\commonstates.obj
f:\workhelp\scarlecodebase-master ben - copy\scarlecodebase-master ben\bin\desktop_2015\win32\debug\ddstextureloader.obj
f:\workhelp\scarlecodebase-master ben - copy\scarlecodebase-master ben\bin\desktop_2015\win32\debug\dgsleffect.obj
f:\workhelp\scarlecodebase-master ben - copy\scarlecodebase-master ben\bin\desktop_2015\win32\debug\dgsleffectfactory.obj
f:\workhelp\scarlecodebase-master ben - copy\scarlecodebase-master ben\bin\desktop_2015\win32\debug\dualtextureeffect.obj
f:\workhelp\scarlecodebase-master ben - copy\scarlecodebase-master ben\bin\desktop_2015\win32\debug\binaryreader.obj
f:\workhelp\scarlecodebase-master ben - copy\scarlecodebase-master ben\bin\desktop_2015\win32\debug\effectcommon.obj
f:\workhelp\scarlecodebase-master ben - copy\scarlecodebase-master ben\bin\desktop_2015\win32\debug\effectfactory.obj
f:\workhelp\scarlecodebase-master ben - copy\scarlecodebase-master ben\bin\desktop_2015\win32\debug\directxtk.pch
f:\workhelp\scarlecodebase-master ben - copy\scarlecodebase-master ben\bin\desktop_2015\win32\debug\directxtkaudiowin8.pch
f:\workhelp\scarlecodebase-master ben - copy\scarlecodebase-master ben\bin\desktop_2015\win32\debug\directxtk.idb
f:\workhelp\scarlecodebase-master ben - copy\scarlecodebase-master ben\bin\desktop_2015\win32\debug\directxtkaudiowin8.idb
f:\workhelp\scarlecodebase-master ben - copy\scarlecodebase-master ben\bin\desktop_2015\win32\debug\directxtk.pdb
f:\workhelp\scarlecodebase-master ben - copy\scarlecodebase-master ben\bin\desktop_2015\win32\debug\directxtkaudiowin8.pdb
f:\workhelp\scarlecodebase-master ben - copy\scarlecodebase-master ben\game\..\bin\desktop_2015\win32\debug\game.lib
f:\workhelp\scarlecodebase-master ben - copy\scarlecodebase-master ben\bin\desktop_2015\win32\debug\game.tlog\cl.command.1.tlog
f:\workhelp\scarlecodebase-master ben - copy\scarlecodebase-master ben\bin\desktop_2015\win32\debug\game.tlog\lib.command.1.tlog
f:\workhelp\scarlecodebase-master ben - copy\scarlecodebase-master ben\bin\desktop_2015\win32\debug\game.tlog\cl.read.1.tlog
f:\workhelp\scarlecodebase-master ben - copy\scarlecodebase-master ben\bin\desktop_2015\win32\debug\game.tlog\lib-link.read.1.tlog
f:\workhelp\scarlecodebase-master ben - copy\scarlecodebase-master ben\bin\desktop_2015\win32\debug\game.tlog\lib-link.write.1.tlog
f:\workhelp\scarlecodebase-master ben - copy\scarlecodebase-master ben\bin\desktop_2015\win32\debug\game.tlog\cl.write.1.tlog
