f:\workhelp\scarlecodebase-master ben\scarlecodebase-master ben\application\debug\application.res
d:\scarlecodebase-master ben\application\debug\application.res
f:\workhelp\scarlecodebase-master ben - copy\scarlecodebase-master ben\application\debug\application.res
d:\scarlecodebase-master ben\debug\application.ilk
d:\scarlecodebase-master ben\debug\application.exe
d:\scarlecodebase-master ben\debug\application.pdb
f:\workhelp\scarlecodebase-master ben\scarlecodebase-master ben\debug\application.exe
f:\workhelp\scarlecodebase-master ben\scarlecodebase-master ben\debug\application.pdb
f:\workhelp\scarlecodebase-master ben - copy\scarlecodebase-master ben\debug\application.exe
f:\workhelp\scarlecodebase-master ben - copy\scarlecodebase-master ben\debug\application.pdb
d:\scarlecodebase-master ben\application\debug\vc140.pdb
d:\scarlecodebase-master ben\application\debug\vc140.idb
d:\scarlecodebase-master ben\application\debug\main.obj
d:\scarlecodebase-master ben\application\debug\application.obj
f:\workhelp\scarlecodebase-master ben\scarlecodebase-master ben\application\debug\vc140.pdb
f:\workhelp\scarlecodebase-master ben\scarlecodebase-master ben\application\debug\vc140.idb
f:\workhelp\scarlecodebase-master ben\scarlecodebase-master ben\application\debug\main.obj
f:\workhelp\scarlecodebase-master ben\scarlecodebase-master ben\application\debug\application.obj
f:\workhelp\scarlecodebase-master ben - copy\scarlecodebase-master ben\application\debug\vc140.pdb
f:\workhelp\scarlecodebase-master ben - copy\scarlecodebase-master ben\application\debug\vc140.idb
f:\workhelp\scarlecodebase-master ben - copy\scarlecodebase-master ben\application\debug\main.obj
f:\workhelp\scarlecodebase-master ben - copy\scarlecodebase-master ben\application\debug\application.obj
f:\workhelp\scarlecodebase-master ben - copy\scarlecodebase-master ben\application\debug\application.tlog\cl.command.1.tlog
f:\workhelp\scarlecodebase-master ben - copy\scarlecodebase-master ben\application\debug\application.tlog\link.command.1.tlog
f:\workhelp\scarlecodebase-master ben - copy\scarlecodebase-master ben\application\debug\application.tlog\rc.9012.read.1.tlog
f:\workhelp\scarlecodebase-master ben - copy\scarlecodebase-master ben\application\debug\application.tlog\rc.9012.write.1.tlog
f:\workhelp\scarlecodebase-master ben - copy\scarlecodebase-master ben\application\debug\application.tlog\rc.command.1.tlog
f:\workhelp\scarlecodebase-master ben - copy\scarlecodebase-master ben\application\debug\application.tlog\rc.10592.read.1.tlog
f:\workhelp\scarlecodebase-master ben - copy\scarlecodebase-master ben\application\debug\application.tlog\rc.10592.write.1.tlog
f:\workhelp\scarlecodebase-master ben - copy\scarlecodebase-master ben\application\debug\application.tlog\cl.read.1.tlog
f:\workhelp\scarlecodebase-master ben - copy\scarlecodebase-master ben\application\debug\application.tlog\link.read.1.tlog
f:\workhelp\scarlecodebase-master ben - copy\scarlecodebase-master ben\application\debug\application.tlog\rc.read.1.tlog
f:\workhelp\scarlecodebase-master ben - copy\scarlecodebase-master ben\application\debug\application.tlog\rc.write.1.tlog
f:\workhelp\scarlecodebase-master ben - copy\scarlecodebase-master ben\application\debug\application.tlog\link.write.1.tlog
f:\workhelp\scarlecodebase-master ben - copy\scarlecodebase-master ben\application\debug\application.tlog\cl.write.1.tlog
